#
# There is insufficient memory for the Java Runtime Environment to continue.
# Native memory allocation (malloc) failed to allocate 1048576 bytes for AllocateHeap
# Possible reasons:
#   The system is out of physical RAM or swap space
#   The process is running with CompressedOops enabled, and the Java Heap may be blocking the growth of the native heap
# Possible solutions:
#   Reduce memory load on the system
#   Increase physical memory or swap space
#   Check if swap backing store is full
#   Decrease Java heap size (-Xmx/-Xms)
#   Decrease number of Java threads
#   Decrease Java thread stack sizes (-Xss)
#   Set larger code cache with -XX:ReservedCodeCacheSize=
#   JVM is running with Unscaled Compressed Oops mode in which the Java heap is
#     placed in the first 4GB address space. The Java Heap base address is the
#     maximum limit for the native heap growth. Please use -XX:HeapBaseMinAddress
#     to set the Java Heap base and to place the Java Heap above 4GB virtual address.
# This output file may be truncated or incomplete.
#
#  Out of Memory Error (allocation.cpp:44), pid=12948, tid=17256
#
# JRE version:  (17.0.4+8) (build )
# Java VM: OpenJDK 64-Bit Server VM (17.0.4+8, mixed mode, emulated-client, sharing, tiered, compressed oops, compressed class ptrs, g1 gc, windows-amd64)
# No core dump will be written. Minidumps are not enabled by default on client versions of Windows
#

---------------  S U M M A R Y ------------

Command Line: -Dcom.sun.management.jmxremote -Dcom.sun.management.jmxremote.port=57136 -Dcom.sun.management.jmxremote.authenticate=false -Dcom.sun.management.jmxremote.ssl=false -Djava.rmi.server.hostname=localhost -Dspring.jmx.enabled=true -Dspring.application.admin.enabled=true -XX:TieredStopAtLevel=1 -Dspring.boot.project.name=empleos -Dfile.encoding=UTF-8 -XX:+ShowCodeDetailsInExceptionMessages com.example.empleos.EmpleosApplication --spring.output.ansi.enabled=always

Host: Intel(R) Core(TM) i5-1035G1 CPU @ 1.00GHz, 8 cores, 7G,  Windows 10 , 64 bit Build 19041 (10.0.19041.1889)
Time: Wed Sep 14 20:56:29 2022 Hora estándar, América Central elapsed time: 0.014430 seconds (0d 0h 0m 0s)

---------------  T H R E A D  ---------------

Current thread (0x000002142fe94d70):  JavaThread "Unknown thread" [_thread_in_vm, id=17256, stack(0x000000f063f00000,0x000000f064000000)]

Stack: [0x000000f063f00000,0x000000f064000000]
Native frames: (J=compiled Java code, j=interpreted, Vv=VM code, C=native code)
V  [jvm.dll+0x67733a]
V  [jvm.dll+0x8323c4]
V  [jvm.dll+0x833b6e]
V  [jvm.dll+0x8341d3]
V  [jvm.dll+0x2455e5]
V  [jvm.dll+0xa6393]
V  [jvm.dll+0x2d70a4]
V  [jvm.dll+0x803ebc]
V  [jvm.dll+0x3698d1]
V  [jvm.dll+0x7e320c]
V  [jvm.dll+0x3ec23f]
V  [jvm.dll+0x3eddc1]
C  [jli.dll+0x5277]
C  [ucrtbase.dll+0x21bb2]
C  [KERNEL32.DLL+0x17034]
C  [ntdll.dll+0x52651]


---------------  P R O C E S S  ---------------

Threads class SMR info:
_java_thread_list=0x00007ffa43164e98, length=0, elements={
}

Java Threads: ( => current thread )

Other Threads:

=>0x000002142fe94d70 (exited) JavaThread "Unknown thread" [_thread_in_vm, id=17256, stack(0x000000f063f00000,0x000000f064000000)]

Threads with active compile tasks:

VM state: not at safepoint (not fully initialized)

VM Mutex/Monitor currently owned by a thread: None

Heap address: 0x0000000000000000, size: 0 MB, Compressed Oops mode: 32-bit

CDS archive(s) mapped at: [0x0000000000000000-0x0000000000000000-0x0000000000000000), size 0, SharedBaseAddress: 0x0000000800000000, ArchiveRelocationMode: 0.
Narrow klass base: 0x0000000000000000, Narrow klass shift: 0, Narrow klass range: 0x0

GC Precious Log:
<Empty>

GC Heap History (0 events):
No events

Deoptimization events (0 events):
No events

Classes unloaded (0 events):
No events

Classes redefined (0 events):
No events

Internal exceptions (0 events):
No events

VM Operations (0 events):
No events

Events (1 events):
Event: 0.010 Loaded shared library C:\Users\hanni\OneDrive\Documentos\sts-4.15.3.RELEASE\plugins\org.eclipse.justj.openjdk.hotspot.jre.full.win32.x86_64_17.0.4.v20220805-1047\jre\bin\java.dll


Dynamic libraries:
0x00007ff7351a0000 - 0x00007ff7351ae000 	C:\Users\hanni\OneDrive\Documentos\sts-4.15.3.RELEASE\plugins\org.eclipse.justj.openjdk.hotspot.jre.full.win32.x86_64_17.0.4.v20220805-1047\jre\bin\javaw.exe
0x00007ffab6010000 - 0x00007ffab6208000 	C:\Windows\SYSTEM32\ntdll.dll
0x00007ffab4c90000 - 0x00007ffab4d4d000 	C:\Windows\System32\KERNEL32.DLL
0x00007ffab3c20000 - 0x00007ffab3eee000 	C:\Windows\System32\KERNELBASE.dll
0x00007ffab3b20000 - 0x00007ffab3c20000 	C:\Windows\System32\ucrtbase.dll
0x00007ffa88a70000 - 0x00007ffa88a88000 	C:\Users\hanni\OneDrive\Documentos\sts-4.15.3.RELEASE\plugins\org.eclipse.justj.openjdk.hotspot.jre.full.win32.x86_64_17.0.4.v20220805-1047\jre\bin\jli.dll
0x00007ffa871d0000 - 0x00007ffa871e9000 	C:\Users\hanni\OneDrive\Documentos\sts-4.15.3.RELEASE\plugins\org.eclipse.justj.openjdk.hotspot.jre.full.win32.x86_64_17.0.4.v20220805-1047\jre\bin\VCRUNTIME140.dll
0x00007ffab48d0000 - 0x00007ffab4a70000 	C:\Windows\System32\USER32.dll
0x00007ffab3890000 - 0x00007ffab38b2000 	C:\Windows\System32\win32u.dll
0x00007ffa9ff10000 - 0x00007ffaa01aa000 	C:\Windows\WinSxS\amd64_microsoft.windows.common-controls_6595b64144ccf1df_6.0.19041.1110_none_60b5254171f9507e\COMCTL32.dll
0x00007ffab51c0000 - 0x00007ffab51ea000 	C:\Windows\System32\GDI32.dll
0x00007ffab3f60000 - 0x00007ffab406b000 	C:\Windows\System32\gdi32full.dll
0x00007ffab4a70000 - 0x00007ffab4b0e000 	C:\Windows\System32\msvcrt.dll
0x00007ffab3910000 - 0x00007ffab39ad000 	C:\Windows\System32\msvcp_win.dll
0x00007ffab4840000 - 0x00007ffab4870000 	C:\Windows\System32\IMM32.DLL
0x00007ffaab0f0000 - 0x00007ffaab0fc000 	C:\Users\hanni\OneDrive\Documentos\sts-4.15.3.RELEASE\plugins\org.eclipse.justj.openjdk.hotspot.jre.full.win32.x86_64_17.0.4.v20220805-1047\jre\bin\vcruntime140_1.dll
0x00007ffa6b870000 - 0x00007ffa6b901000 	C:\Users\hanni\OneDrive\Documentos\sts-4.15.3.RELEASE\plugins\org.eclipse.justj.openjdk.hotspot.jre.full.win32.x86_64_17.0.4.v20220805-1047\jre\bin\msvcp140.dll
0x00007ffa42650000 - 0x00007ffa43296000 	C:\Users\hanni\OneDrive\Documentos\sts-4.15.3.RELEASE\plugins\org.eclipse.justj.openjdk.hotspot.jre.full.win32.x86_64_17.0.4.v20220805-1047\jre\bin\server\jvm.dll
0x00007ffab4420000 - 0x00007ffab44ce000 	C:\Windows\System32\ADVAPI32.dll
0x00007ffab54a0000 - 0x00007ffab553c000 	C:\Windows\System32\sechost.dll
0x00007ffab52a0000 - 0x00007ffab53c5000 	C:\Windows\System32\RPCRT4.dll
0x00007ffab44d0000 - 0x00007ffab44d8000 	C:\Windows\System32\PSAPI.DLL
0x00007ffaadc60000 - 0x00007ffaadc69000 	C:\Windows\SYSTEM32\WSOCK32.dll
0x00007ffaab070000 - 0x00007ffaab097000 	C:\Windows\SYSTEM32\WINMM.dll
0x00007ffaaca20000 - 0x00007ffaaca2a000 	C:\Windows\SYSTEM32\VERSION.dll
0x00007ffab55c0000 - 0x00007ffab562b000 	C:\Windows\System32\WS2_32.dll
0x00007ffab1fc0000 - 0x00007ffab1fd2000 	C:\Windows\SYSTEM32\kernel.appcore.dll
0x00007ffaad950000 - 0x00007ffaad95a000 	C:\Users\hanni\OneDrive\Documentos\sts-4.15.3.RELEASE\plugins\org.eclipse.justj.openjdk.hotspot.jre.full.win32.x86_64_17.0.4.v20220805-1047\jre\bin\jimage.dll
0x00007ffab1520000 - 0x00007ffab1704000 	C:\Windows\SYSTEM32\DBGHELP.DLL
0x00007ffa9f9b0000 - 0x00007ffa9f9dc000 	C:\Windows\SYSTEM32\dbgcore.DLL
0x00007ffab39b0000 - 0x00007ffab3a32000 	C:\Windows\System32\bcryptPrimitives.dll
0x00007ffaa86b0000 - 0x00007ffaa86d5000 	C:\Users\hanni\OneDrive\Documentos\sts-4.15.3.RELEASE\plugins\org.eclipse.justj.openjdk.hotspot.jre.full.win32.x86_64_17.0.4.v20220805-1047\jre\bin\java.dll

dbghelp: loaded successfully - version: 4.0.5 - missing functions: none
symbol engine: initialized successfully - sym options: 0x614 - pdb path: .;C:\Users\hanni\OneDrive\Documentos\sts-4.15.3.RELEASE\plugins\org.eclipse.justj.openjdk.hotspot.jre.full.win32.x86_64_17.0.4.v20220805-1047\jre\bin;C:\Windows\SYSTEM32;C:\Windows\WinSxS\amd64_microsoft.windows.common-controls_6595b64144ccf1df_6.0.19041.1110_none_60b5254171f9507e;C:\Users\hanni\OneDrive\Documentos\sts-4.15.3.RELEASE\plugins\org.eclipse.justj.openjdk.hotspot.jre.full.win32.x86_64_17.0.4.v20220805-1047\jre\bin\server

VM Arguments:
jvm_args: -Dcom.sun.management.jmxremote -Dcom.sun.management.jmxremote.port=57136 -Dcom.sun.management.jmxremote.authenticate=false -Dcom.sun.management.jmxremote.ssl=false -Djava.rmi.server.hostname=localhost -Dspring.jmx.enabled=true -Dspring.application.admin.enabled=true -XX:TieredStopAtLevel=1 -Dspring.boot.project.name=empleos -Dfile.encoding=UTF-8 -XX:+ShowCodeDetailsInExceptionMessages 
java_command: com.example.empleos.EmpleosApplication --spring.output.ansi.enabled=always
java_class_path (initial): C:\Users\hanni\OneDrive\Documentos\sts-4.15.3.RELEASE\workpace\empleos\target\classes;C:\Users\hanni\.m2\repository\org\springframework\boot\spring-boot-starter-thymeleaf\2.7.3\spring-boot-starter-thymeleaf-2.7.3.jar;C:\Users\hanni\.m2\repository\org\springframework\boot\spring-boot-starter\2.7.3\spring-boot-starter-2.7.3.jar;C:\Users\hanni\.m2\repository\org\springframework\boot\spring-boot-starter-logging\2.7.3\spring-boot-starter-logging-2.7.3.jar;C:\Users\hanni\.m2\repository\ch\qos\logback\logback-classic\1.2.11\logback-classic-1.2.11.jar;C:\Users\hanni\.m2\repository\ch\qos\logback\logback-core\1.2.11\logback-core-1.2.11.jar;C:\Users\hanni\.m2\repository\org\apache\logging\log4j\log4j-to-slf4j\2.17.2\log4j-to-slf4j-2.17.2.jar;C:\Users\hanni\.m2\repository\org\apache\logging\log4j\log4j-api\2.17.2\log4j-api-2.17.2.jar;C:\Users\hanni\.m2\repository\org\slf4j\jul-to-slf4j\1.7.36\jul-to-slf4j-1.7.36.jar;C:\Users\hanni\.m2\repository\jakarta\annotation\jakarta.annotation-api\1.3.5\jakarta.annotation-api-1.3.5.jar;C:\Users\hanni\.m2\repository\org\yaml\snakeyaml\1.30\snakeyaml-1.30.jar;C:\Users\hanni\.m2\repository\org\thymeleaf\thymeleaf-spring5\3.0.15.RELEASE\thymeleaf-spring5-3.0.15.RELEASE.jar;C:\Users\hanni\.m2\repository\org\thymeleaf\thymeleaf\3.0.15.RELEASE\thymeleaf-3.0.15.RELEASE.jar;C:\Users\hanni\.m2\repository\org\attoparser\attoparser\2.0.5.RELEASE\attoparser-2.0.5.RELEASE.jar;C:\Users\hanni\.m2\repository\org\unbescape\unbescape\1.1.6.RELEASE\unbescape-1.1.6.RELEASE.jar;C:\Users\hanni\.m2\repository\org\slf4j\slf4j-api\1.7.36\slf4j-api-1.7.36.jar;C:\Users\hanni\.m2\repository\org\thymeleaf\extras\thymeleaf-extras-java8time\3.0.4.RELEASE\thymeleaf-extras-java8time-3.0.4.RELEASE.jar;C:\Users\hanni\.m2\repository\org\springframework\boot\spring-boot-starter-web\2.7.3\spring-boot-starter-web-2.7.3.jar;C:\Users\hanni\.m2\repository\org\springframework\boot\spring-boot-starter-json\2.7.3\spring-boot-starter-json-2.7.3.jar;C:\Use
Launcher Type: SUN_STANDARD

[Global flags]
     intx CICompilerCount                          = 4                                         {product} {ergonomic}
     uint ConcGCThreads                            = 2                                         {product} {ergonomic}
     uint G1ConcRefinementThreads                  = 8                                         {product} {ergonomic}
   size_t G1HeapRegionSize                         = 1048576                                   {product} {ergonomic}
    uintx GCDrainStackTargetSize                   = 64                                        {product} {ergonomic}
   size_t InitialHeapSize                          = 130023424                                 {product} {ergonomic}
     bool ManagementServer                         = true                                      {product} {command line}
   size_t MarkStackSize                            = 4194304                                   {product} {ergonomic}
   size_t MaxHeapSize                              = 2080374784                                {product} {ergonomic}
   size_t MinHeapDeltaBytes                        = 1048576                                   {product} {ergonomic}
   size_t MinHeapSize                              = 8388608                                   {product} {ergonomic}
    uintx NonProfiledCodeHeapSize                  = 0                                      {pd product} {ergonomic}
     bool ProfileInterpreter                       = false                                  {pd product} {command line}
    uintx ProfiledCodeHeapSize                     = 0                                      {pd product} {ergonomic}
     bool ShowCodeDetailsInExceptionMessages       = true                                   {manageable} {command line}
   size_t SoftMaxHeapSize                          = 2080374784                             {manageable} {ergonomic}
     intx TieredStopAtLevel                        = 1                                         {product} {command line}
     bool UseCompressedClassPointers               = true                           {product lp64_product} {ergonomic}
     bool UseCompressedOops                        = true                           {product lp64_product} {ergonomic}
     bool UseG1GC                                  = true                                      {product} {ergonomic}
     bool UseLargePagesIndividualAllocation        = false                                  {pd product} {ergonomic}

Logging:
Log output configuration:
 #0: stdout all=warning uptime,level,tags
 #1: stderr all=off uptime,level,tags

Environment Variables:
PATH=C:/Users/hanni/OneDrive/Documentos/sts-4.15.3.RELEASE//plugins/org.eclipse.justj.openjdk.hotspot.jre.full.win32.x86_64_17.0.4.v20220805-1047/jre/bin/server;C:/Users/hanni/OneDrive/Documentos/sts-4.15.3.RELEASE//plugins/org.eclipse.justj.openjdk.hotspot.jre.full.win32.x86_64_17.0.4.v20220805-1047/jre/bin;C:\ProgramData\Oracle\Java\javapath;C:\Windows\system32;C:\Windows;C:\Windows\System32\Wbem;C:\Windows\System32\WindowsPowerShell\v1.0\;C:\Windows\System32\OpenSSH\;C:\Program Files\Git\cmd;C:\ProgramData\chocolatey\bin;C:\Program Files\nodejs\;C:\xampp\mysql\bin;C:\ProgramData\ComposerSetup\bin;C:\Program Files\Maven\apache-maven-3.8.6\bin;C:\Ruby31-x64\bin;C:\Users\hanni\AppData\Local\Microsoft\WindowsApps;C:\Users\hanni\AppData\Roaming\npm;C:\Users\hanni\AppData\Local\Programs\Microsoft VS Code\bin;C:\xampp\php;C:\Users\hanni\AppData\Roaming\Composer\vendor\bin;C:\Users\hanni\AppData\Local\GitHubDesktop\bin;C:\Users\hanni\OneDrive\Documentos\sts-4.15.3.RELEASE;
USERNAME=hanni
OS=Windows_NT
PROCESSOR_IDENTIFIER=Intel64 Family 6 Model 126 Stepping 5, GenuineIntel
TMP=C:\Users\hanni\AppData\Local\Temp
TEMP=C:\Users\hanni\AppData\Local\Temp



---------------  S Y S T E M  ---------------

OS:
 Windows 10 , 64 bit Build 19041 (10.0.19041.1889)
OS uptime: 32 days 7:54 hours

CPU: total 8 (initial active 8) (4 cores per cpu, 2 threads per core) family 6 model 126 stepping 5 microcode 0xa0, cx8, cmov, fxsr, ht, mmx, 3dnowpref, sse, sse2, sse3, ssse3, sse4.1, sse4.2, popcnt, lzcnt, tsc, tscinvbit, avx, avx2, aes, erms, clmul, bmi1, bmi2, adx, avx512f, avx512dq, avx512cd, avx512bw, avx512vl, sha, fma, vzeroupper, avx512_vpopcntdq, avx512_vpclmulqdq, avx512_vaes, avx512_vnni, clflush, clflushopt, avx512_vbmi2, avx512_vbmi

Memory: 4k page, system-wide physical 7930M (92M free)
TotalPageFile size 23002M (AvailPageFile size 6M)
current process WorkingSet (physical memory assigned to process): 9M, peak: 9M
current process commit charge ("private bytes"): 12M, peak: 13M

vm_info: OpenJDK 64-Bit Server VM (17.0.4+8) for windows-amd64 JRE (17.0.4+8), built on Jul 19 2022 16:05:16 by "temurin" with MS VC++ 16.7 (VS2019)

END.
